::1 - - [15/Nov/2016:19:03:38 +0000] "GET / HTTP/1.1" 304 - "http://localhost:3000/store" "Mozilla/5.0 (Windows NT 10.0; Win64; x64) AppleWebKit/537.36 (KHTML, like Gecko) Chrome/54.0.2840.71 Safari/537.36"
::1 - - [15/Nov/2016:19:03:56 +0000] "POST /store HTTP/1.1" 200 250 "http://localhost:3000/" "Mozilla/5.0 (Windows NT 10.0; Win64; x64) AppleWebKit/537.36 (KHTML, like Gecko) Chrome/54.0.2840.71 Safari/537.36"
::1 - - [15/Nov/2016:19:04:07 +0000] "GET / HTTP/1.1" 304 - "http://localhost:3000/store" "Mozilla/5.0 (Windows NT 10.0; Win64; x64) AppleWebKit/537.36 (KHTML, like Gecko) Chrome/54.0.2840.71 Safari/537.36"
::1 - - [15/Nov/2016:19:14:54 +0000] "GET / HTTP/1.1" 304 - "http://localhost:3000/store" "Mozilla/5.0 (Windows NT 10.0; Win64; x64) AppleWebKit/537.36 (KHTML, like Gecko) Chrome/54.0.2840.71 Safari/537.36"
::1 - - [15/Nov/2016:19:14:58 +0000] "POST /store HTTP/1.1" 200 256 "http://localhost:3000/" "Mozilla/5.0 (Windows NT 10.0; Win64; x64) AppleWebKit/537.36 (KHTML, like Gecko) Chrome/54.0.2840.71 Safari/537.36"
::1 - - [15/Nov/2016:19:15:00 +0000] "GET / HTTP/1.1" 304 - "http://localhost:3000/store" "Mozilla/5.0 (Windows NT 10.0; Win64; x64) AppleWebKit/537.36 (KHTML, like Gecko) Chrome/54.0.2840.71 Safari/537.36"
::1 - - [16/Nov/2016:07:32:15 +0000] "GET / HTTP/1.1" 200 495 "-" "Mozilla/5.0 (Windows NT 10.0; Win64; x64) AppleWebKit/537.36 (KHTML, like Gecko) Chrome/54.0.2840.99 Safari/537.36"
::1 - - [16/Nov/2016:07:32:15 +0000] "GET /favicon.ico HTTP/1.1" 404 24 "http://localhost:3000/" "Mozilla/5.0 (Windows NT 10.0; Win64; x64) AppleWebKit/537.36 (KHTML, like Gecko) Chrome/54.0.2840.99 Safari/537.36"
::1 - - [16/Nov/2016:07:32:24 +0000] "POST /store HTTP/1.1" 200 274 "http://localhost:3000/" "Mozilla/5.0 (Windows NT 10.0; Win64; x64) AppleWebKit/537.36 (KHTML, like Gecko) Chrome/54.0.2840.99 Safari/537.36"
::1 - - [16/Nov/2016:07:47:27 +0000] "GET / HTTP/1.1" 304 - "http://localhost:3000/store" "Mozilla/5.0 (Windows NT 10.0; Win64; x64) AppleWebKit/537.36 (KHTML, like Gecko) Chrome/54.0.2840.99 Safari/537.36"
::1 - - [16/Nov/2016:07:50:03 +0000] "POST /store HTTP/1.1" 200 285 "http://localhost:3000/" "Mozilla/5.0 (Windows NT 10.0; Win64; x64) AppleWebKit/537.36 (KHTML, like Gecko) Chrome/54.0.2840.99 Safari/537.36"
::1 - - [16/Nov/2016:07:55:16 +0000] "GET / HTTP/1.1" 304 - "http://localhost:3000/store" "Mozilla/5.0 (Windows NT 10.0; Win64; x64) AppleWebKit/537.36 (KHTML, like Gecko) Chrome/54.0.2840.99 Safari/537.36"
::1 - - [16/Nov/2016:11:56:43 +0000] "GET / HTTP/1.1" 200 495 "-" "Mozilla/5.0 (Windows NT 10.0; Win64; x64) AppleWebKit/537.36 (KHTML, like Gecko) Chrome/54.0.2840.99 Safari/537.36"
::1 - - [16/Nov/2016:11:59:48 +0000] "POST /store HTTP/1.1" 200 274 "http://localhost:3000/" "Mozilla/5.0 (Windows NT 10.0; Win64; x64) AppleWebKit/537.36 (KHTML, like Gecko) Chrome/54.0.2840.99 Safari/537.36"
::1 - - [16/Nov/2016:12:00:31 +0000] "GET / HTTP/1.1" 304 - "http://localhost:3000/store" "Mozilla/5.0 (Windows NT 10.0; Win64; x64) AppleWebKit/537.36 (KHTML, like Gecko) Chrome/54.0.2840.99 Safari/537.36"
::1 - - [16/Nov/2016:12:00:53 +0000] "POST /store HTTP/1.1" 200 275 "http://localhost:3000/" "Mozilla/5.0 (Windows NT 10.0; Win64; x64) AppleWebKit/537.36 (KHTML, like Gecko) Chrome/54.0.2840.99 Safari/537.36"
::1 - - [16/Nov/2016:12:04:02 +0000] "GET / HTTP/1.1" 304 - "http://localhost:3000/store" "Mozilla/5.0 (Windows NT 10.0; Win64; x64) AppleWebKit/537.36 (KHTML, like Gecko) Chrome/54.0.2840.99 Safari/537.36"
::1 - - [16/Nov/2016:12:07:33 +0000] "GET /test HTTP/1.1" 404 17 "-" "Mozilla/5.0 (Windows NT 10.0; Win64; x64) AppleWebKit/537.36 (KHTML, like Gecko) Chrome/54.0.2840.99 Safari/537.36"
::1 - - [16/Nov/2016:12:07:51 +0000] "GET /test HTTP/1.1" 500 2401 "-" "Mozilla/5.0 (Windows NT 10.0; Win64; x64) AppleWebKit/537.36 (KHTML, like Gecko) Chrome/54.0.2840.99 Safari/537.36"
::1 - - [16/Nov/2016:12:09:23 +0000] "GET /test HTTP/1.1" 200 4 "-" "Mozilla/5.0 (Windows NT 10.0; Win64; x64) AppleWebKit/537.36 (KHTML, like Gecko) Chrome/54.0.2840.99 Safari/537.36"
