::1 - - [21/Nov/2016:15:56:28 +0000] "GET /socket.io/?EIO=3&transport=polling&t=LY7cbIX HTTP/1.1" 404 2763 "http://localhost:3000/" "Mozilla/5.0 (Windows NT 10.0; Win64; x64) AppleWebKit/537.36 (KHTML, like Gecko) Chrome/54.0.2840.99 Safari/537.36"
::1 - - [21/Nov/2016:15:56:33 +0000] "GET /socket.io/?EIO=3&transport=polling&t=LY7cceS HTTP/1.1" 404 2763 "http://localhost:3000/" "Mozilla/5.0 (Windows NT 10.0; Win64; x64) AppleWebKit/537.36 (KHTML, like Gecko) Chrome/54.0.2840.99 Safari/537.36"
::1 - - [21/Nov/2016:15:56:36 +0000] "GET / HTTP/1.1" 200 947 "-" "Mozilla/5.0 (Windows NT 10.0; Win64; x64) AppleWebKit/537.36 (KHTML, like Gecko) Chrome/54.0.2840.99 Safari/537.36"
::1 - - [21/Nov/2016:15:56:36 +0000] "GET /bootstrap/css/bootstrap.min.css HTTP/1.1" 304 - "http://localhost:3000/" "Mozilla/5.0 (Windows NT 10.0; Win64; x64) AppleWebKit/537.36 (KHTML, like Gecko) Chrome/54.0.2840.99 Safari/537.36"
::1 - - [21/Nov/2016:15:56:36 +0000] "GET /css/rvp.css HTTP/1.1" 304 - "http://localhost:3000/" "Mozilla/5.0 (Windows NT 10.0; Win64; x64) AppleWebKit/537.36 (KHTML, like Gecko) Chrome/54.0.2840.99 Safari/537.36"
::1 - - [21/Nov/2016:15:56:37 +0000] "GET /about HTTP/1.1" 304 - "http://localhost:3000/" "Mozilla/5.0 (Windows NT 10.0; Win64; x64) AppleWebKit/537.36 (KHTML, like Gecko) Chrome/54.0.2840.99 Safari/537.36"
::1 - - [21/Nov/2016:15:56:38 +0000] "GET /bootstrap/css/bootstrap.min.css HTTP/1.1" 304 - "http://localhost:3000/about" "Mozilla/5.0 (Windows NT 10.0; Win64; x64) AppleWebKit/537.36 (KHTML, like Gecko) Chrome/54.0.2840.99 Safari/537.36"
::1 - - [21/Nov/2016:15:56:38 +0000] "GET /css/rvp.css HTTP/1.1" 304 - "http://localhost:3000/about" "Mozilla/5.0 (Windows NT 10.0; Win64; x64) AppleWebKit/537.36 (KHTML, like Gecko) Chrome/54.0.2840.99 Safari/537.36"
::1 - - [21/Nov/2016:15:56:38 +0000] "GET /create HTTP/1.1" 304 - "http://localhost:3000/about" "Mozilla/5.0 (Windows NT 10.0; Win64; x64) AppleWebKit/537.36 (KHTML, like Gecko) Chrome/54.0.2840.99 Safari/537.36"
::1 - - [21/Nov/2016:15:56:38 +0000] "GET /bootstrap/css/bootstrap.min.css HTTP/1.1" 304 - "http://localhost:3000/create" "Mozilla/5.0 (Windows NT 10.0; Win64; x64) AppleWebKit/537.36 (KHTML, like Gecko) Chrome/54.0.2840.99 Safari/537.36"
::1 - - [21/Nov/2016:15:56:38 +0000] "GET /css/rvp.css HTTP/1.1" 304 - "http://localhost:3000/create" "Mozilla/5.0 (Windows NT 10.0; Win64; x64) AppleWebKit/537.36 (KHTML, like Gecko) Chrome/54.0.2840.99 Safari/537.36"
::1 - - [21/Nov/2016:15:56:40 +0000] "GET /available HTTP/1.1" 304 - "http://localhost:3000/create" "Mozilla/5.0 (Windows NT 10.0; Win64; x64) AppleWebKit/537.36 (KHTML, like Gecko) Chrome/54.0.2840.99 Safari/537.36"
::1 - - [21/Nov/2016:15:56:40 +0000] "GET /bootstrap/css/bootstrap.min.css HTTP/1.1" 304 - "http://localhost:3000/available" "Mozilla/5.0 (Windows NT 10.0; Win64; x64) AppleWebKit/537.36 (KHTML, like Gecko) Chrome/54.0.2840.99 Safari/537.36"
::1 - - [21/Nov/2016:15:56:40 +0000] "GET /css/rvp.css HTTP/1.1" 304 - "http://localhost:3000/available" "Mozilla/5.0 (Windows NT 10.0; Win64; x64) AppleWebKit/537.36 (KHTML, like Gecko) Chrome/54.0.2840.99 Safari/537.36"
::1 - - [21/Nov/2016:15:56:40 +0000] "GET /create HTTP/1.1" 304 - "http://localhost:3000/available" "Mozilla/5.0 (Windows NT 10.0; Win64; x64) AppleWebKit/537.36 (KHTML, like Gecko) Chrome/54.0.2840.99 Safari/537.36"
::1 - - [21/Nov/2016:15:56:40 +0000] "GET /bootstrap/css/bootstrap.min.css HTTP/1.1" 304 - "http://localhost:3000/create" "Mozilla/5.0 (Windows NT 10.0; Win64; x64) AppleWebKit/537.36 (KHTML, like Gecko) Chrome/54.0.2840.99 Safari/537.36"
::1 - - [21/Nov/2016:15:56:40 +0000] "GET /css/rvp.css HTTP/1.1" 304 - "http://localhost:3000/create" "Mozilla/5.0 (Windows NT 10.0; Win64; x64) AppleWebKit/537.36 (KHTML, like Gecko) Chrome/54.0.2840.99 Safari/537.36"
::1 - - [21/Nov/2016:15:56:41 +0000] "GET /about HTTP/1.1" 304 - "http://localhost:3000/create" "Mozilla/5.0 (Windows NT 10.0; Win64; x64) AppleWebKit/537.36 (KHTML, like Gecko) Chrome/54.0.2840.99 Safari/537.36"
::1 - - [21/Nov/2016:15:56:41 +0000] "GET /bootstrap/css/bootstrap.min.css HTTP/1.1" 304 - "http://localhost:3000/about" "Mozilla/5.0 (Windows NT 10.0; Win64; x64) AppleWebKit/537.36 (KHTML, like Gecko) Chrome/54.0.2840.99 Safari/537.36"
::1 - - [21/Nov/2016:15:56:41 +0000] "GET /css/rvp.css HTTP/1.1" 304 - "http://localhost:3000/about" "Mozilla/5.0 (Windows NT 10.0; Win64; x64) AppleWebKit/537.36 (KHTML, like Gecko) Chrome/54.0.2840.99 Safari/537.36"
::1 - - [21/Nov/2016:15:56:42 +0000] "GET / HTTP/1.1" 304 - "http://localhost:3000/about" "Mozilla/5.0 (Windows NT 10.0; Win64; x64) AppleWebKit/537.36 (KHTML, like Gecko) Chrome/54.0.2840.99 Safari/537.36"
::1 - - [21/Nov/2016:15:56:42 +0000] "GET /bootstrap/css/bootstrap.min.css HTTP/1.1" 304 - "http://localhost:3000/" "Mozilla/5.0 (Windows NT 10.0; Win64; x64) AppleWebKit/537.36 (KHTML, like Gecko) Chrome/54.0.2840.99 Safari/537.36"
::1 - - [21/Nov/2016:15:56:42 +0000] "GET /css/rvp.css HTTP/1.1" 304 - "http://localhost:3000/" "Mozilla/5.0 (Windows NT 10.0; Win64; x64) AppleWebKit/537.36 (KHTML, like Gecko) Chrome/54.0.2840.99 Safari/537.36"
::1 - - [21/Nov/2016:15:56:42 +0000] "GET /about HTTP/1.1" 304 - "http://localhost:3000/" "Mozilla/5.0 (Windows NT 10.0; Win64; x64) AppleWebKit/537.36 (KHTML, like Gecko) Chrome/54.0.2840.99 Safari/537.36"
::1 - - [21/Nov/2016:15:56:42 +0000] "GET /bootstrap/css/bootstrap.min.css HTTP/1.1" 304 - "http://localhost:3000/about" "Mozilla/5.0 (Windows NT 10.0; Win64; x64) AppleWebKit/537.36 (KHTML, like Gecko) Chrome/54.0.2840.99 Safari/537.36"
::1 - - [21/Nov/2016:15:56:42 +0000] "GET /css/rvp.css HTTP/1.1" 304 - "http://localhost:3000/about" "Mozilla/5.0 (Windows NT 10.0; Win64; x64) AppleWebKit/537.36 (KHTML, like Gecko) Chrome/54.0.2840.99 Safari/537.36"
::1 - - [21/Nov/2016:15:56:43 +0000] "GET /create HTTP/1.1" 304 - "http://localhost:3000/about" "Mozilla/5.0 (Windows NT 10.0; Win64; x64) AppleWebKit/537.36 (KHTML, like Gecko) Chrome/54.0.2840.99 Safari/537.36"
::1 - - [21/Nov/2016:15:56:43 +0000] "GET /bootstrap/css/bootstrap.min.css HTTP/1.1" 304 - "http://localhost:3000/create" "Mozilla/5.0 (Windows NT 10.0; Win64; x64) AppleWebKit/537.36 (KHTML, like Gecko) Chrome/54.0.2840.99 Safari/537.36"
::1 - - [21/Nov/2016:15:56:43 +0000] "GET /css/rvp.css HTTP/1.1" 304 - "http://localhost:3000/create" "Mozilla/5.0 (Windows NT 10.0; Win64; x64) AppleWebKit/537.36 (KHTML, like Gecko) Chrome/54.0.2840.99 Safari/537.36"
::1 - - [21/Nov/2016:15:56:43 +0000] "GET /available HTTP/1.1" 304 - "http://localhost:3000/create" "Mozilla/5.0 (Windows NT 10.0; Win64; x64) AppleWebKit/537.36 (KHTML, like Gecko) Chrome/54.0.2840.99 Safari/537.36"
::1 - - [21/Nov/2016:15:56:43 +0000] "GET /bootstrap/css/bootstrap.min.css HTTP/1.1" 304 - "http://localhost:3000/available" "Mozilla/5.0 (Windows NT 10.0; Win64; x64) AppleWebKit/537.36 (KHTML, like Gecko) Chrome/54.0.2840.99 Safari/537.36"
::1 - - [21/Nov/2016:15:56:43 +0000] "GET /css/rvp.css HTTP/1.1" 304 - "http://localhost:3000/available" "Mozilla/5.0 (Windows NT 10.0; Win64; x64) AppleWebKit/537.36 (KHTML, like Gecko) Chrome/54.0.2840.99 Safari/537.36"
::1 - - [21/Nov/2016:15:56:43 +0000] "GET /create HTTP/1.1" 304 - "http://localhost:3000/available" "Mozilla/5.0 (Windows NT 10.0; Win64; x64) AppleWebKit/537.36 (KHTML, like Gecko) Chrome/54.0.2840.99 Safari/537.36"
::1 - - [21/Nov/2016:15:56:43 +0000] "GET /bootstrap/css/bootstrap.min.css HTTP/1.1" 304 - "http://localhost:3000/create" "Mozilla/5.0 (Windows NT 10.0; Win64; x64) AppleWebKit/537.36 (KHTML, like Gecko) Chrome/54.0.2840.99 Safari/537.36"
::1 - - [21/Nov/2016:15:56:43 +0000] "GET /css/rvp.css HTTP/1.1" 304 - "http://localhost:3000/create" "Mozilla/5.0 (Windows NT 10.0; Win64; x64) AppleWebKit/537.36 (KHTML, like Gecko) Chrome/54.0.2840.99 Safari/537.36"
::1 - - [21/Nov/2016:15:56:44 +0000] "GET /about HTTP/1.1" 304 - "http://localhost:3000/create" "Mozilla/5.0 (Windows NT 10.0; Win64; x64) AppleWebKit/537.36 (KHTML, like Gecko) Chrome/54.0.2840.99 Safari/537.36"
::1 - - [21/Nov/2016:15:56:44 +0000] "GET /bootstrap/css/bootstrap.min.css HTTP/1.1" 304 - "http://localhost:3000/about" "Mozilla/5.0 (Windows NT 10.0; Win64; x64) AppleWebKit/537.36 (KHTML, like Gecko) Chrome/54.0.2840.99 Safari/537.36"
::1 - - [21/Nov/2016:15:56:44 +0000] "GET /css/rvp.css HTTP/1.1" 304 - "http://localhost:3000/about" "Mozilla/5.0 (Windows NT 10.0; Win64; x64) AppleWebKit/537.36 (KHTML, like Gecko) Chrome/54.0.2840.99 Safari/537.36"
::1 - - [21/Nov/2016:15:56:44 +0000] "GET /about HTTP/1.1" 304 - "http://localhost:3000/about" "Mozilla/5.0 (Windows NT 10.0; Win64; x64) AppleWebKit/537.36 (KHTML, like Gecko) Chrome/54.0.2840.99 Safari/537.36"
::1 - - [21/Nov/2016:15:56:44 +0000] "GET /bootstrap/css/bootstrap.min.css HTTP/1.1" 304 - "http://localhost:3000/about" "Mozilla/5.0 (Windows NT 10.0; Win64; x64) AppleWebKit/537.36 (KHTML, like Gecko) Chrome/54.0.2840.99 Safari/537.36"
::1 - - [21/Nov/2016:15:56:44 +0000] "GET /css/rvp.css HTTP/1.1" 304 - "http://localhost:3000/about" "Mozilla/5.0 (Windows NT 10.0; Win64; x64) AppleWebKit/537.36 (KHTML, like Gecko) Chrome/54.0.2840.99 Safari/537.36"
::1 - - [21/Nov/2016:15:56:45 +0000] "GET /create HTTP/1.1" 304 - "http://localhost:3000/about" "Mozilla/5.0 (Windows NT 10.0; Win64; x64) AppleWebKit/537.36 (KHTML, like Gecko) Chrome/54.0.2840.99 Safari/537.36"
::1 - - [21/Nov/2016:15:56:45 +0000] "GET /bootstrap/css/bootstrap.min.css HTTP/1.1" 304 - "http://localhost:3000/create" "Mozilla/5.0 (Windows NT 10.0; Win64; x64) AppleWebKit/537.36 (KHTML, like Gecko) Chrome/54.0.2840.99 Safari/537.36"
::1 - - [21/Nov/2016:15:56:45 +0000] "GET /css/rvp.css HTTP/1.1" 304 - "http://localhost:3000/create" "Mozilla/5.0 (Windows NT 10.0; Win64; x64) AppleWebKit/537.36 (KHTML, like Gecko) Chrome/54.0.2840.99 Safari/537.36"
::1 - - [21/Nov/2016:15:56:45 +0000] "GET /available HTTP/1.1" 304 - "http://localhost:3000/create" "Mozilla/5.0 (Windows NT 10.0; Win64; x64) AppleWebKit/537.36 (KHTML, like Gecko) Chrome/54.0.2840.99 Safari/537.36"
::1 - - [21/Nov/2016:15:56:45 +0000] "GET /bootstrap/css/bootstrap.min.css HTTP/1.1" 304 - "http://localhost:3000/available" "Mozilla/5.0 (Windows NT 10.0; Win64; x64) AppleWebKit/537.36 (KHTML, like Gecko) Chrome/54.0.2840.99 Safari/537.36"
::1 - - [21/Nov/2016:15:56:45 +0000] "GET /css/rvp.css HTTP/1.1" 304 - "http://localhost:3000/available" "Mozilla/5.0 (Windows NT 10.0; Win64; x64) AppleWebKit/537.36 (KHTML, like Gecko) Chrome/54.0.2840.99 Safari/537.36"
::1 - - [21/Nov/2016:15:56:45 +0000] "GET /create HTTP/1.1" 304 - "http://localhost:3000/available" "Mozilla/5.0 (Windows NT 10.0; Win64; x64) AppleWebKit/537.36 (KHTML, like Gecko) Chrome/54.0.2840.99 Safari/537.36"
::1 - - [21/Nov/2016:15:56:45 +0000] "GET /bootstrap/css/bootstrap.min.css HTTP/1.1" 304 - "http://localhost:3000/create" "Mozilla/5.0 (Windows NT 10.0; Win64; x64) AppleWebKit/537.36 (KHTML, like Gecko) Chrome/54.0.2840.99 Safari/537.36"
::1 - - [21/Nov/2016:15:56:45 +0000] "GET /css/rvp.css HTTP/1.1" 304 - "http://localhost:3000/create" "Mozilla/5.0 (Windows NT 10.0; Win64; x64) AppleWebKit/537.36 (KHTML, like Gecko) Chrome/54.0.2840.99 Safari/537.36"
::1 - - [21/Nov/2016:15:56:46 +0000] "GET /about HTTP/1.1" 304 - "http://localhost:3000/create" "Mozilla/5.0 (Windows NT 10.0; Win64; x64) AppleWebKit/537.36 (KHTML, like Gecko) Chrome/54.0.2840.99 Safari/537.36"
::1 - - [21/Nov/2016:15:56:46 +0000] "GET /bootstrap/css/bootstrap.min.css HTTP/1.1" 304 - "http://localhost:3000/about" "Mozilla/5.0 (Windows NT 10.0; Win64; x64) AppleWebKit/537.36 (KHTML, like Gecko) Chrome/54.0.2840.99 Safari/537.36"
::1 - - [21/Nov/2016:15:56:46 +0000] "GET /css/rvp.css HTTP/1.1" 304 - "http://localhost:3000/about" "Mozilla/5.0 (Windows NT 10.0; Win64; x64) AppleWebKit/537.36 (KHTML, like Gecko) Chrome/54.0.2840.99 Safari/537.36"
::1 - - [21/Nov/2016:15:56:46 +0000] "GET / HTTP/1.1" 304 - "http://localhost:3000/about" "Mozilla/5.0 (Windows NT 10.0; Win64; x64) AppleWebKit/537.36 (KHTML, like Gecko) Chrome/54.0.2840.99 Safari/537.36"
::1 - - [21/Nov/2016:15:56:46 +0000] "GET /bootstrap/css/bootstrap.min.css HTTP/1.1" 304 - "http://localhost:3000/" "Mozilla/5.0 (Windows NT 10.0; Win64; x64) AppleWebKit/537.36 (KHTML, like Gecko) Chrome/54.0.2840.99 Safari/537.36"
::1 - - [21/Nov/2016:15:56:46 +0000] "GET /css/rvp.css HTTP/1.1" 304 - "http://localhost:3000/" "Mozilla/5.0 (Windows NT 10.0; Win64; x64) AppleWebKit/537.36 (KHTML, like Gecko) Chrome/54.0.2840.99 Safari/537.36"
::1 - - [21/Nov/2016:15:56:47 +0000] "GET /about HTTP/1.1" 304 - "http://localhost:3000/" "Mozilla/5.0 (Windows NT 10.0; Win64; x64) AppleWebKit/537.36 (KHTML, like Gecko) Chrome/54.0.2840.99 Safari/537.36"
::1 - - [21/Nov/2016:15:56:47 +0000] "GET /bootstrap/css/bootstrap.min.css HTTP/1.1" 304 - "http://localhost:3000/about" "Mozilla/5.0 (Windows NT 10.0; Win64; x64) AppleWebKit/537.36 (KHTML, like Gecko) Chrome/54.0.2840.99 Safari/537.36"
::1 - - [21/Nov/2016:15:56:47 +0000] "GET /css/rvp.css HTTP/1.1" 304 - "http://localhost:3000/about" "Mozilla/5.0 (Windows NT 10.0; Win64; x64) AppleWebKit/537.36 (KHTML, like Gecko) Chrome/54.0.2840.99 Safari/537.36"
::1 - - [21/Nov/2016:15:56:49 +0000] "GET / HTTP/1.1" 304 - "http://localhost:3000/about" "Mozilla/5.0 (Windows NT 10.0; Win64; x64) AppleWebKit/537.36 (KHTML, like Gecko) Chrome/54.0.2840.99 Safari/537.36"
::1 - - [21/Nov/2016:15:56:49 +0000] "GET /bootstrap/css/bootstrap.min.css HTTP/1.1" 304 - "http://localhost:3000/" "Mozilla/5.0 (Windows NT 10.0; Win64; x64) AppleWebKit/537.36 (KHTML, like Gecko) Chrome/54.0.2840.99 Safari/537.36"
::1 - - [21/Nov/2016:15:56:49 +0000] "GET /css/rvp.css HTTP/1.1" 304 - "http://localhost:3000/" "Mozilla/5.0 (Windows NT 10.0; Win64; x64) AppleWebKit/537.36 (KHTML, like Gecko) Chrome/54.0.2840.99 Safari/537.36"
::1 - - [21/Nov/2016:15:56:50 +0000] "GET /create HTTP/1.1" 304 - "http://localhost:3000/" "Mozilla/5.0 (Windows NT 10.0; Win64; x64) AppleWebKit/537.36 (KHTML, like Gecko) Chrome/54.0.2840.99 Safari/537.36"
::1 - - [21/Nov/2016:15:56:50 +0000] "GET /bootstrap/css/bootstrap.min.css HTTP/1.1" 304 - "http://localhost:3000/create" "Mozilla/5.0 (Windows NT 10.0; Win64; x64) AppleWebKit/537.36 (KHTML, like Gecko) Chrome/54.0.2840.99 Safari/537.36"
::1 - - [21/Nov/2016:15:56:50 +0000] "GET /css/rvp.css HTTP/1.1" 304 - "http://localhost:3000/create" "Mozilla/5.0 (Windows NT 10.0; Win64; x64) AppleWebKit/537.36 (KHTML, like Gecko) Chrome/54.0.2840.99 Safari/537.36"
::1 - - [21/Nov/2016:15:56:52 +0000] "GET /about HTTP/1.1" 304 - "http://localhost:3000/create" "Mozilla/5.0 (Windows NT 10.0; Win64; x64) AppleWebKit/537.36 (KHTML, like Gecko) Chrome/54.0.2840.99 Safari/537.36"
::1 - - [21/Nov/2016:15:56:52 +0000] "GET /bootstrap/css/bootstrap.min.css HTTP/1.1" 304 - "http://localhost:3000/about" "Mozilla/5.0 (Windows NT 10.0; Win64; x64) AppleWebKit/537.36 (KHTML, like Gecko) Chrome/54.0.2840.99 Safari/537.36"
::1 - - [21/Nov/2016:15:56:52 +0000] "GET /css/rvp.css HTTP/1.1" 304 - "http://localhost:3000/about" "Mozilla/5.0 (Windows NT 10.0; Win64; x64) AppleWebKit/537.36 (KHTML, like Gecko) Chrome/54.0.2840.99 Safari/537.36"
::1 - - [21/Nov/2016:15:56:54 +0000] "GET / HTTP/1.1" 304 - "http://localhost:3000/about" "Mozilla/5.0 (Windows NT 10.0; Win64; x64) AppleWebKit/537.36 (KHTML, like Gecko) Chrome/54.0.2840.99 Safari/537.36"
::1 - - [21/Nov/2016:15:56:54 +0000] "GET /bootstrap/css/bootstrap.min.css HTTP/1.1" 304 - "http://localhost:3000/" "Mozilla/5.0 (Windows NT 10.0; Win64; x64) AppleWebKit/537.36 (KHTML, like Gecko) Chrome/54.0.2840.99 Safari/537.36"
::1 - - [21/Nov/2016:15:56:54 +0000] "GET /css/rvp.css HTTP/1.1" 304 - "http://localhost:3000/" "Mozilla/5.0 (Windows NT 10.0; Win64; x64) AppleWebKit/537.36 (KHTML, like Gecko) Chrome/54.0.2840.99 Safari/537.36"
::1 - - [21/Nov/2016:15:56:54 +0000] "GET /about HTTP/1.1" 304 - "http://localhost:3000/" "Mozilla/5.0 (Windows NT 10.0; Win64; x64) AppleWebKit/537.36 (KHTML, like Gecko) Chrome/54.0.2840.99 Safari/537.36"
::1 - - [21/Nov/2016:15:56:54 +0000] "GET /bootstrap/css/bootstrap.min.css HTTP/1.1" 304 - "http://localhost:3000/about" "Mozilla/5.0 (Windows NT 10.0; Win64; x64) AppleWebKit/537.36 (KHTML, like Gecko) Chrome/54.0.2840.99 Safari/537.36"
::1 - - [21/Nov/2016:15:56:54 +0000] "GET /css/rvp.css HTTP/1.1" 304 - "http://localhost:3000/about" "Mozilla/5.0 (Windows NT 10.0; Win64; x64) AppleWebKit/537.36 (KHTML, like Gecko) Chrome/54.0.2840.99 Safari/537.36"
::1 - - [21/Nov/2016:15:56:55 +0000] "GET /create HTTP/1.1" 304 - "http://localhost:3000/about" "Mozilla/5.0 (Windows NT 10.0; Win64; x64) AppleWebKit/537.36 (KHTML, like Gecko) Chrome/54.0.2840.99 Safari/537.36"
::1 - - [21/Nov/2016:15:56:55 +0000] "GET /bootstrap/css/bootstrap.min.css HTTP/1.1" 304 - "http://localhost:3000/create" "Mozilla/5.0 (Windows NT 10.0; Win64; x64) AppleWebKit/537.36 (KHTML, like Gecko) Chrome/54.0.2840.99 Safari/537.36"
::1 - - [21/Nov/2016:15:56:55 +0000] "GET /css/rvp.css HTTP/1.1" 304 - "http://localhost:3000/create" "Mozilla/5.0 (Windows NT 10.0; Win64; x64) AppleWebKit/537.36 (KHTML, like Gecko) Chrome/54.0.2840.99 Safari/537.36"
::1 - - [21/Nov/2016:15:56:55 +0000] "GET /available HTTP/1.1" 304 - "http://localhost:3000/create" "Mozilla/5.0 (Windows NT 10.0; Win64; x64) AppleWebKit/537.36 (KHTML, like Gecko) Chrome/54.0.2840.99 Safari/537.36"
::1 - - [21/Nov/2016:15:56:55 +0000] "GET /bootstrap/css/bootstrap.min.css HTTP/1.1" 304 - "http://localhost:3000/available" "Mozilla/5.0 (Windows NT 10.0; Win64; x64) AppleWebKit/537.36 (KHTML, like Gecko) Chrome/54.0.2840.99 Safari/537.36"
::1 - - [21/Nov/2016:15:56:55 +0000] "GET /css/rvp.css HTTP/1.1" 304 - "http://localhost:3000/available" "Mozilla/5.0 (Windows NT 10.0; Win64; x64) AppleWebKit/537.36 (KHTML, like Gecko) Chrome/54.0.2840.99 Safari/537.36"
::1 - - [21/Nov/2016:15:56:56 +0000] "GET /create HTTP/1.1" 304 - "http://localhost:3000/available" "Mozilla/5.0 (Windows NT 10.0; Win64; x64) AppleWebKit/537.36 (KHTML, like Gecko) Chrome/54.0.2840.99 Safari/537.36"
::1 - - [21/Nov/2016:15:56:56 +0000] "GET /bootstrap/css/bootstrap.min.css HTTP/1.1" 304 - "http://localhost:3000/create" "Mozilla/5.0 (Windows NT 10.0; Win64; x64) AppleWebKit/537.36 (KHTML, like Gecko) Chrome/54.0.2840.99 Safari/537.36"
::1 - - [21/Nov/2016:15:56:56 +0000] "GET /css/rvp.css HTTP/1.1" 304 - "http://localhost:3000/create" "Mozilla/5.0 (Windows NT 10.0; Win64; x64) AppleWebKit/537.36 (KHTML, like Gecko) Chrome/54.0.2840.99 Safari/537.36"
::1 - - [21/Nov/2016:15:56:56 +0000] "GET /about HTTP/1.1" 304 - "http://localhost:3000/create" "Mozilla/5.0 (Windows NT 10.0; Win64; x64) AppleWebKit/537.36 (KHTML, like Gecko) Chrome/54.0.2840.99 Safari/537.36"
::1 - - [21/Nov/2016:15:56:56 +0000] "GET /bootstrap/css/bootstrap.min.css HTTP/1.1" 304 - "http://localhost:3000/about" "Mozilla/5.0 (Windows NT 10.0; Win64; x64) AppleWebKit/537.36 (KHTML, like Gecko) Chrome/54.0.2840.99 Safari/537.36"
::1 - - [21/Nov/2016:15:56:56 +0000] "GET /css/rvp.css HTTP/1.1" 304 - "http://localhost:3000/about" "Mozilla/5.0 (Windows NT 10.0; Win64; x64) AppleWebKit/537.36 (KHTML, like Gecko) Chrome/54.0.2840.99 Safari/537.36"
::1 - - [21/Nov/2016:15:56:58 +0000] "GET /available HTTP/1.1" 304 - "http://localhost:3000/about" "Mozilla/5.0 (Windows NT 10.0; Win64; x64) AppleWebKit/537.36 (KHTML, like Gecko) Chrome/54.0.2840.99 Safari/537.36"
::1 - - [21/Nov/2016:15:56:58 +0000] "GET /bootstrap/css/bootstrap.min.css HTTP/1.1" 304 - "http://localhost:3000/available" "Mozilla/5.0 (Windows NT 10.0; Win64; x64) AppleWebKit/537.36 (KHTML, like Gecko) Chrome/54.0.2840.99 Safari/537.36"
::1 - - [21/Nov/2016:15:56:58 +0000] "GET /css/rvp.css HTTP/1.1" 304 - "http://localhost:3000/available" "Mozilla/5.0 (Windows NT 10.0; Win64; x64) AppleWebKit/537.36 (KHTML, like Gecko) Chrome/54.0.2840.99 Safari/537.36"
